0 verbose cli /usr/local/bin/node /usr/local/bin/npm
1 info using npm@8.11.0
2 info using node@v16.16.0
3 timing npm:load:whichnode Completed in 1ms
4 timing config:load:defaults Completed in 9ms
5 timing config:load:file:/usr/local/lib/node_modules/npm/npmrc Completed in 4ms
6 timing config:load:builtin Completed in 5ms
7 warn config production Use `--omit=dev` instead.
8 timing config:load:cli Completed in 24ms
9 timing config:load:env Completed in 2ms
10 timing config:load:file:/data/.npmrc Completed in 1ms
11 timing config:load:project Completed in 6ms
12 timing config:load:file:/root/.npmrc Completed in 1ms
13 timing config:load:user Completed in 2ms
14 timing config:load:file:/usr/local/etc/npmrc Completed in 6ms
15 timing config:load:global Completed in 6ms
16 timing config:load:validate Completed in 2ms
17 timing config:load:credentials Completed in 5ms
18 timing config:load:setEnvs Completed in 6ms
19 timing config:load Completed in 73ms
20 timing npm:load:configload Completed in 74ms
21 timing npm:load:mkdirpcache Completed in 5ms
22 timing npm:load:mkdirplogs Completed in 1ms
23 verbose title npm install node-red-contrib-mongodb4@2.0.0
24 verbose argv "install" "--no-audit" "--no-update-notifier" "--no-fund" "--save" "--save-prefix" "~" "--production" "--engine-strict" "node-red-contrib-mongodb4@2.0.0"
25 timing npm:load:setTitle Completed in 8ms
26 timing config:load:flatten Completed in 19ms
27 timing npm:load:display Completed in 35ms
28 verbose logfile logs-max:10 dir:/data/.npm/_logs
29 verbose logfile /data/.npm/_logs/2023-05-13T14_37_09_876Z-debug-0.log
30 timing npm:load:logFile Completed in 30ms
31 timing npm:load:timers Completed in 0ms
32 timing npm:load:configScope Completed in 1ms
33 timing npm:load Completed in 161ms
34 timing arborist:ctor Completed in 5ms
35 silly logfile done cleaning log files
36 timing arborist:ctor Completed in 0ms
37 timing idealTree:init Completed in 86ms
38 timing idealTree:userRequests Completed in 25ms
39 silly idealTree buildDeps
40 silly fetch manifest node-red-contrib-mongodb4@2.0.0
41 http fetch GET 200 https://registry.npmjs.org/node-red-contrib-mongodb4 1687ms (cache miss)
42 silly placeDep ROOT node-red-contrib-mongodb4@2.0.0 OK for: node-red-project@0.0.1 want: 2.0.0
43 silly fetch manifest mongodb@^5.2.0
44 http fetch GET 200 https://registry.npmjs.org/mongodb 988ms (cache miss)
45 timing idealTree:#root Completed in 2818ms
46 silly fetch manifest @aws-sdk/credential-providers@^3.201.0
47 http fetch GET 200 https://registry.npmjs.org/@aws-sdk%2fcredential-providers 636ms (cache miss)
48 silly fetch manifest mongodb-client-encryption@>=2.3.0 <3
49 http fetch GET 200 https://registry.npmjs.org/mongodb-client-encryption 285ms (cache miss)
50 silly fetch manifest gcp-metadata@^5.2.0
51 http fetch GET 200 https://registry.npmjs.org/gcp-metadata 467ms (cache miss)
52 silly fetch manifest snappy@^7.2.2
53 http fetch GET 200 https://registry.npmjs.org/snappy 411ms (cache miss)
54 silly placeDep ROOT mongodb@5.5.0 OK for: node-red-contrib-mongodb4@2.0.0 want: ^5.2.0
55 silly fetch manifest bson@^5.3.0
56 silly fetch manifest mongodb-connection-string-url@^2.6.0
57 silly fetch manifest socks@^2.7.1
58 silly fetch manifest saslprep@^1.0.3
59 http fetch GET 200 https://registry.npmjs.org/bson 530ms (cache miss)
60 http fetch GET 200 https://registry.npmjs.org/saslprep 546ms (cache miss)
61 http fetch GET 200 https://registry.npmjs.org/socks 565ms (cache miss)
62 http fetch GET 200 https://registry.npmjs.org/mongodb-connection-string-url 1281ms (cache miss)
63 timing idealTree:node_modules/node-red-contrib-mongodb4 Completed in 3214ms
64 silly placeDep ROOT bson@5.3.0 OK for: mongodb@5.5.0 want: ^5.3.0
65 silly placeDep ROOT mongodb-connection-string-url@2.6.0 OK for: mongodb@5.5.0 want: ^2.6.0
66 silly placeDep ROOT saslprep@1.0.3 OK for: mongodb@5.5.0 want: ^1.0.3
67 silly placeDep ROOT socks@2.7.1 OK for: mongodb@5.5.0 want: ^2.7.1
68 silly fetch manifest @types/whatwg-url@^8.2.1
69 silly fetch manifest whatwg-url@^11.0.0
70 silly fetch manifest sparse-bitfield@^3.0.3
71 silly fetch manifest ip@^2.0.0
72 silly fetch manifest smart-buffer@^4.2.0
73 http fetch GET 200 https://registry.npmjs.org/sparse-bitfield 218ms (cache miss)
74 http fetch GET 200 https://registry.npmjs.org/ip 222ms (cache miss)
75 http fetch GET 200 https://registry.npmjs.org/whatwg-url 240ms (cache miss)
76 http fetch GET 200 https://registry.npmjs.org/smart-buffer 302ms (cache miss)
77 http fetch GET 200 https://registry.npmjs.org/@types%2fwhatwg-url 1804ms (cache miss)
78 timing idealTree:node_modules/mongodb Completed in 1909ms
79 timing idealTree:node_modules/bson Completed in 0ms
80 silly placeDep ROOT @types/whatwg-url@8.2.2 OK for: mongodb-connection-string-url@2.6.0 want: ^8.2.1
81 silly placeDep ROOT whatwg-url@11.0.0 OK for: mongodb-connection-string-url@2.6.0 want: ^11.0.0
82 silly fetch manifest @types/node@*
83 silly fetch manifest @types/webidl-conversions@*
84 silly fetch manifest tr46@^3.0.0
85 silly fetch manifest webidl-conversions@^7.0.0
86 http fetch GET 200 https://registry.npmjs.org/webidl-conversions 195ms (cache miss)
87 http fetch GET 200 https://registry.npmjs.org/tr46 202ms (cache miss)
88 http fetch GET 200 https://registry.npmjs.org/@types%2fwebidl-conversions 1685ms (cache miss)
89 http fetch GET 200 https://registry.npmjs.org/@types%2fnode 2095ms (cache miss)
90 timing idealTree:node_modules/mongodb-connection-string-url Completed in 2253ms
91 silly placeDep ROOT @types/node@20.1.4 OK for: @types/whatwg-url@8.2.2 want: *
92 silly placeDep ROOT @types/webidl-conversions@7.0.0 OK for: @types/whatwg-url@8.2.2 want: *
93 timing idealTree:node_modules/@types/whatwg-url Completed in 43ms
94 timing idealTree:node_modules/@types/node Completed in 1ms
95 timing idealTree:node_modules/@types/webidl-conversions Completed in 0ms
96 silly placeDep ROOT sparse-bitfield@3.0.3 OK for: saslprep@1.0.3 want: ^3.0.3
97 silly fetch manifest memory-pager@^1.0.2
98 http fetch GET 200 https://registry.npmjs.org/memory-pager 1780ms (cache miss)
99 timing idealTree:node_modules/saslprep Completed in 1798ms
100 silly placeDep ROOT ip@2.0.0 OK for: socks@2.7.1 want: ^2.0.0
101 silly placeDep ROOT smart-buffer@4.2.0 OK for: socks@2.7.1 want: ^4.2.0
102 timing idealTree:node_modules/socks Completed in 29ms
103 timing idealTree:node_modules/ip Completed in 0ms
104 timing idealTree:node_modules/smart-buffer Completed in 0ms
105 silly placeDep ROOT memory-pager@1.5.0 OK for: sparse-bitfield@3.0.3 want: ^1.0.2
106 timing idealTree:node_modules/sparse-bitfield Completed in 17ms
107 timing idealTree:node_modules/memory-pager Completed in 1ms
108 silly placeDep ROOT tr46@3.0.0 OK for: whatwg-url@11.0.0 want: ^3.0.0
109 silly placeDep ROOT webidl-conversions@7.0.0 OK for: whatwg-url@11.0.0 want: ^7.0.0
110 silly fetch manifest punycode@^2.1.1
111 http fetch GET 200 https://registry.npmjs.org/punycode 186ms (cache miss)
112 timing idealTree:node_modules/whatwg-url Completed in 211ms
113 silly placeDep ROOT punycode@2.3.0 OK for: tr46@3.0.0 want: ^2.1.1
114 timing idealTree:node_modules/tr46 Completed in 7ms
115 timing idealTree:node_modules/punycode Completed in 0ms
116 timing idealTree:node_modules/webidl-conversions Completed in 0ms
117 timing idealTree:buildDeps Completed in 12319ms
118 timing idealTree:fixDepFlags Completed in 5ms
119 timing idealTree Completed in 12445ms
120 timing reify:loadTrees Completed in 12451ms
121 timing reify:diffTrees Completed in 11ms
122 silly reify moves {}
123 timing reify:retireShallow Completed in 7ms
124 timing reify:createSparse Completed in 25ms
125 timing reify:trashOmits Completed in 1ms
126 timing reify:loadBundles Completed in 0ms
127 silly tarball no local data for punycode@https://registry.npmjs.org/punycode/-/punycode-2.3.0.tgz. Extracting by manifest.
128 silly tarball no local data for webidl-conversions@https://registry.npmjs.org/webidl-conversions/-/webidl-conversions-7.0.0.tgz. Extracting by manifest.
129 silly tarball no local data for memory-pager@https://registry.npmjs.org/memory-pager/-/memory-pager-1.5.0.tgz. Extracting by manifest.
130 silly tarball no local data for tr46@https://registry.npmjs.org/tr46/-/tr46-3.0.0.tgz. Extracting by manifest.
131 silly tarball no local data for smart-buffer@https://registry.npmjs.org/smart-buffer/-/smart-buffer-4.2.0.tgz. Extracting by manifest.
132 silly tarball no local data for ip@https://registry.npmjs.org/ip/-/ip-2.0.0.tgz. Extracting by manifest.
133 silly tarball no local data for sparse-bitfield@https://registry.npmjs.org/sparse-bitfield/-/sparse-bitfield-3.0.3.tgz. Extracting by manifest.
134 silly tarball no local data for @types/webidl-conversions@https://registry.npmjs.org/@types/webidl-conversions/-/webidl-conversions-7.0.0.tgz. Extracting by manifest.
135 silly tarball no local data for @types/node@https://registry.npmjs.org/@types/node/-/node-20.1.4.tgz. Extracting by manifest.
136 silly tarball no local data for whatwg-url@https://registry.npmjs.org/whatwg-url/-/whatwg-url-11.0.0.tgz. Extracting by manifest.
137 silly tarball no local data for @types/whatwg-url@https://registry.npmjs.org/@types/whatwg-url/-/whatwg-url-8.2.2.tgz. Extracting by manifest.
138 silly tarball no local data for socks@https://registry.npmjs.org/socks/-/socks-2.7.1.tgz. Extracting by manifest.
139 silly tarball no local data for saslprep@https://registry.npmjs.org/saslprep/-/saslprep-1.0.3.tgz. Extracting by manifest.
140 silly tarball no local data for mongodb-connection-string-url@https://registry.npmjs.org/mongodb-connection-string-url/-/mongodb-connection-string-url-2.6.0.tgz. Extracting by manifest.
141 silly tarball no local data for bson@https://registry.npmjs.org/bson/-/bson-5.3.0.tgz. Extracting by manifest.
142 silly tarball no local data for mongodb@https://registry.npmjs.org/mongodb/-/mongodb-5.5.0.tgz. Extracting by manifest.
143 silly tarball no local data for node-red-contrib-mongodb4@https://registry.npmjs.org/node-red-contrib-mongodb4/-/node-red-contrib-mongodb4-2.0.0.tgz. Extracting by manifest.
144 http fetch GET 200 https://registry.npmjs.org/punycode/-/punycode-2.3.0.tgz 1124ms (cache miss)
145 timing reifyNode:node_modules/punycode Completed in 1214ms
146 http fetch GET 200 https://registry.npmjs.org/memory-pager/-/memory-pager-1.5.0.tgz 1097ms (cache miss)
147 timing reifyNode:node_modules/memory-pager Completed in 1243ms
148 http fetch GET 200 https://registry.npmjs.org/tr46/-/tr46-3.0.0.tgz 1112ms (cache miss)
149 timing reifyNode:node_modules/tr46 Completed in 1296ms
150 http fetch GET 200 https://registry.npmjs.org/webidl-conversions/-/webidl-conversions-7.0.0.tgz 1219ms (cache miss)
151 timing reifyNode:node_modules/webidl-conversions Completed in 1336ms
152 http fetch GET 200 https://registry.npmjs.org/smart-buffer/-/smart-buffer-4.2.0.tgz 1494ms (cache miss)
153 timing reifyNode:node_modules/smart-buffer Completed in 1703ms
154 http fetch GET 200 https://registry.npmjs.org/ip/-/ip-2.0.0.tgz 1556ms (cache miss)
155 timing reifyNode:node_modules/ip Completed in 1795ms
156 http fetch GET 200 https://registry.npmjs.org/@types/webidl-conversions/-/webidl-conversions-7.0.0.tgz 1784ms (cache miss)
157 timing reifyNode:node_modules/@types/webidl-conversions Completed in 2080ms
158 http fetch GET 200 https://registry.npmjs.org/sparse-bitfield/-/sparse-bitfield-3.0.3.tgz 1850ms (cache miss)
159 timing reifyNode:node_modules/sparse-bitfield Completed in 2120ms
160 http fetch GET 200 https://registry.npmjs.org/mongodb-connection-string-url/-/mongodb-connection-string-url-2.6.0.tgz 1705ms (cache miss)
161 timing reifyNode:node_modules/mongodb-connection-string-url Completed in 2185ms
162 http fetch GET 200 https://registry.npmjs.org/whatwg-url/-/whatwg-url-11.0.0.tgz 1939ms (cache miss)
163 timing reifyNode:node_modules/whatwg-url Completed in 2293ms
164 http fetch GET 200 https://registry.npmjs.org/node-red-contrib-mongodb4/-/node-red-contrib-mongodb4-2.0.0.tgz 1762ms (cache miss)
165 timing reifyNode:node_modules/node-red-contrib-mongodb4 Completed in 2380ms
166 http fetch GET 200 https://registry.npmjs.org/saslprep/-/saslprep-1.0.3.tgz 2123ms (cache miss)
167 timing reifyNode:node_modules/saslprep Completed in 2560ms
168 http fetch GET 200 https://registry.npmjs.org/@types/whatwg-url/-/whatwg-url-8.2.2.tgz 2205ms (cache miss)
169 timing reifyNode:node_modules/@types/whatwg-url Completed in 2589ms
170 http fetch GET 200 https://registry.npmjs.org/socks/-/socks-2.7.1.tgz 2359ms (cache miss)
171 timing reifyNode:node_modules/socks Completed in 2763ms
172 http fetch GET 200 https://registry.npmjs.org/bson/-/bson-5.3.0.tgz 2665ms (cache miss)
173 timing reifyNode:node_modules/bson Completed in 3236ms
174 http fetch GET 200 https://registry.npmjs.org/@types/node/-/node-20.1.4.tgz 3634ms (cache miss)
175 timing reifyNode:node_modules/@types/node Completed in 3960ms
176 http fetch GET 200 https://registry.npmjs.org/mongodb/-/mongodb-5.5.0.tgz 3499ms (cache miss)
177 timing reifyNode:node_modules/mongodb Completed in 4096ms
178 timing reify:unpack Completed in 4106ms
179 timing reify:unretire Completed in 1ms
180 timing build:queue Completed in 10ms
181 timing build:deps Completed in 12ms
182 timing build Completed in 14ms
183 timing reify:build Completed in 15ms
184 timing reify:trash Completed in 0ms
185 timing reify:save Completed in 71ms
186 timing reify Completed in 16783ms
187 silly ADD node_modules/punycode
188 silly ADD node_modules/webidl-conversions
189 silly ADD node_modules/tr46
190 silly ADD node_modules/memory-pager
191 silly ADD node_modules/smart-buffer
192 silly ADD node_modules/ip
193 silly ADD node_modules/sparse-bitfield
194 silly ADD node_modules/@types/webidl-conversions
195 silly ADD node_modules/@types/node
196 silly ADD node_modules/whatwg-url
197 silly ADD node_modules/@types/whatwg-url
198 silly ADD node_modules/socks
199 silly ADD node_modules/saslprep
200 silly ADD node_modules/mongodb-connection-string-url
201 silly ADD node_modules/bson
202 silly ADD node_modules/mongodb
203 silly ADD node_modules/node-red-contrib-mongodb4
204 timing command:install Completed in 16813ms
205 verbose exit 0
206 timing npm Completed in 17364ms
207 info ok
